<?xml version="1.0" encoding="UTF-8"?>
<!-- Generated by org.testng.reporters.JUnitXMLReporter -->
<testsuite ignored="5" hostname="EXO-BLR-LT214" failures="0" tests="1" name="joinChannel" time="0.598" errors="0" timestamp="11 May 2020 09:34:30 GMT">
  <testcase classname="com.plivo.test.ApiTest" name="joinChannel" time="0.597"/>
  <testcase classname="com.plivo.test.ApiTest" name="listAllChannels" time="0.0">
    <ignored/>
  </testcase> <!-- listAllChannels -->
  <testcase classname="com.plivo.test.ApiTest" name="validateChannelArchive" time="0.0">
    <ignored/>
  </testcase> <!-- validateChannelArchive -->
  <testcase classname="com.plivo.test.ApiTest" name="createChannel" time="0.0">
    <ignored/>
  </testcase> <!-- createChannel -->
  <testcase classname="com.plivo.test.ApiTest" name="archiveChannel" time="0.0">
    <ignored/>
  </testcase> <!-- archiveChannel -->
  <testcase classname="com.plivo.test.ApiTest" name="renameChannel" time="0.0">
    <ignored/>
  </testcase> <!-- renameChannel -->
</testsuite> <!-- joinChannel -->
