<?xml version="1.0" encoding="UTF-8"?>
<!-- Generated by org.testng.reporters.JUnitXMLReporter -->
<testsuite ignored="5" hostname="EXO-BLR-LT214" failures="1" tests="1" name="listAllChannels" time="0.657" errors="0" timestamp="11 May 2020 09:34:31 GMT">
  <testcase classname="com.plivo.test.ApiTest" name="listAllChannels" time="0.654">
    <failure type="java.lang.AssertionError" message="expected [kjjhfh] but found [fhkflg]">
      <![CDATA[java.lang.AssertionError: expected [kjjhfh] but found [fhkflg]
	at com.plivo.test.ApiTest.listAllChannels(ApiTest.java:92)
	at com.intellij.rt.testng.IDEARemoteTestNG.run(IDEARemoteTestNG.java:66)
	at com.intellij.rt.testng.RemoteTestNGStarter.main(RemoteTestNGStarter.java:110)
... Removed 28 stack frames]]>
    </failure>
  </testcase> <!-- listAllChannels -->
  <testcase classname="com.plivo.test.ApiTest" name="validateChannelArchive" time="0.0">
    <ignored/>
  </testcase> <!-- validateChannelArchive -->
  <testcase classname="com.plivo.test.ApiTest" name="joinChannel" time="0.0">
    <ignored/>
  </testcase> <!-- joinChannel -->
  <testcase classname="com.plivo.test.ApiTest" name="createChannel" time="0.0">
    <ignored/>
  </testcase> <!-- createChannel -->
  <testcase classname="com.plivo.test.ApiTest" name="archiveChannel" time="0.0">
    <ignored/>
  </testcase> <!-- archiveChannel -->
  <testcase classname="com.plivo.test.ApiTest" name="renameChannel" time="0.0">
    <ignored/>
  </testcase> <!-- renameChannel -->
</testsuite> <!-- listAllChannels -->
