<?xml version="1.0" encoding="UTF-8"?>
<testng-results ignored="30" total="36" passed="4" failed="2" skipped="0">
  <reporter-output>
  </reporter-output>
  <suite started-at="2020-05-11T09:34:27Z" name="API Slack" finished-at="2020-05-11T09:34:33Z" duration-ms="6009">
    <groups>
    </groups>
    <test started-at="2020-05-11T09:34:27Z" name="creatingChannel" finished-at="2020-05-11T09:34:29Z" duration-ms="2570">
      <class name="com.plivo.test.ApiTest">
        <test-method is-config="true" signature="befreMethodConfig(java.lang.String)[pri:0, instance:com.plivo.test.ApiTest@62e6b5c8]" started-at="2020-05-11T15:04:27Z" name="befreMethodConfig" finished-at="2020-05-11T15:04:27Z" duration-ms="4" status="PASS">
          <params>
            <param index="0">
              <value>
                <![CDATA[/channels.create]]>
              </value>
            </param>
          </params>
          <reporter-output>
          </reporter-output>
        </test-method> <!-- befreMethodConfig -->
        <test-method signature="createChannel(java.lang.String)[pri:1, instance:com.plivo.test.ApiTest@62e6b5c8]" started-at="2020-05-11T15:04:27Z" name="createChannel" finished-at="2020-05-11T15:04:29Z" duration-ms="2547" status="PASS">
          <params>
            <param index="0">
              <value>
                <![CDATA[fhkflg]]>
              </value>
            </param>
          </params>
          <reporter-output>
          </reporter-output>
        </test-method> <!-- createChannel -->
      </class> <!-- com.plivo.test.ApiTest -->
    </test> <!-- creatingChannel -->
    <test started-at="2020-05-11T09:34:29Z" name="joinChannel" finished-at="2020-05-11T09:34:30Z" duration-ms="598">
      <class name="com.plivo.test.ApiTest">
        <test-method is-config="true" signature="befreMethodConfig(java.lang.String)[pri:0, instance:com.plivo.test.ApiTest@674658f7]" started-at="2020-05-11T15:04:29Z" name="befreMethodConfig" finished-at="2020-05-11T15:04:29Z" duration-ms="1" status="PASS">
          <params>
            <param index="0">
              <value>
                <![CDATA[/channels.join]]>
              </value>
            </param>
          </params>
          <reporter-output>
          </reporter-output>
        </test-method> <!-- befreMethodConfig -->
        <test-method signature="joinChannel()[pri:2, instance:com.plivo.test.ApiTest@674658f7]" started-at="2020-05-11T15:04:29Z" name="joinChannel" finished-at="2020-05-11T15:04:30Z" duration-ms="597" status="PASS">
          <reporter-output>
          </reporter-output>
        </test-method> <!-- joinChannel -->
      </class> <!-- com.plivo.test.ApiTest -->
    </test> <!-- joinChannel -->
    <test started-at="2020-05-11T09:34:30Z" name="renameChannel" finished-at="2020-05-11T09:34:31Z" duration-ms="726">
      <class name="com.plivo.test.ApiTest">
        <test-method is-config="true" signature="befreMethodConfig(java.lang.String)[pri:0, instance:com.plivo.test.ApiTest@56a4479a]" started-at="2020-05-11T15:04:30Z" name="befreMethodConfig" finished-at="2020-05-11T15:04:30Z" duration-ms="0" status="PASS">
          <params>
            <param index="0">
              <value>
                <![CDATA[/channels.rename]]>
              </value>
            </param>
          </params>
          <reporter-output>
          </reporter-output>
        </test-method> <!-- befreMethodConfig -->
        <test-method signature="renameChannel(java.lang.String)[pri:3, instance:com.plivo.test.ApiTest@56a4479a]" started-at="2020-05-11T15:04:30Z" name="renameChannel" finished-at="2020-05-11T15:04:31Z" duration-ms="714" status="FAIL">
          <params>
            <param index="0">
              <value>
                <![CDATA[kjjhfh]]>
              </value>
            </param>
          </params>
          <exception class="java.lang.AssertionError">
            <message>
              <![CDATA[expected [true] but found [false]]]>
            </message>
            <full-stacktrace>
              <![CDATA[java.lang.AssertionError: expected [true] but found [false]
	at org.testng.Assert.fail(Assert.java:94)
	at org.testng.Assert.failNotEquals(Assert.java:513)
	at org.testng.Assert.assertEqualsImpl(Assert.java:135)
	at org.testng.Assert.assertEquals(Assert.java:116)
	at org.testng.Assert.assertEquals(Assert.java:305)
	at org.testng.Assert.assertEquals(Assert.java:315)
	at com.plivo.test.ApiTest.responseToPojoAndValidate(ApiTest.java:39)
	at com.plivo.test.ApiTest.renameChannel(ApiTest.java:81)
	at java.base/jdk.internal.reflect.NativeMethodAccessorImpl.invoke0(Native Method)
	at java.base/jdk.internal.reflect.NativeMethodAccessorImpl.invoke(NativeMethodAccessorImpl.java:62)
	at java.base/jdk.internal.reflect.DelegatingMethodAccessorImpl.invoke(DelegatingMethodAccessorImpl.java:43)
	at java.base/java.lang.reflect.Method.invoke(Method.java:566)
	at org.testng.internal.MethodInvocationHelper.invokeMethod(MethodInvocationHelper.java:104)
	at org.testng.internal.Invoker.invokeMethod(Invoker.java:645)
	at org.testng.internal.Invoker.invokeTestMethod(Invoker.java:851)
	at org.testng.internal.Invoker.invokeTestMethods(Invoker.java:1177)
	at org.testng.internal.TestMethodWorker.invokeTestMethods(TestMethodWorker.java:129)
	at org.testng.internal.TestMethodWorker.run(TestMethodWorker.java:112)
	at org.testng.TestRunner.privateRun(TestRunner.java:756)
	at org.testng.TestRunner.run(TestRunner.java:610)
	at org.testng.SuiteRunner.runTest(SuiteRunner.java:387)
	at org.testng.SuiteRunner.runSequentially(SuiteRunner.java:382)
	at org.testng.SuiteRunner.privateRun(SuiteRunner.java:340)
	at org.testng.SuiteRunner.run(SuiteRunner.java:289)
	at org.testng.SuiteRunnerWorker.runSuite(SuiteRunnerWorker.java:52)
	at org.testng.SuiteRunnerWorker.run(SuiteRunnerWorker.java:86)
	at org.testng.TestNG.runSuitesSequentially(TestNG.java:1293)
	at org.testng.TestNG.runSuitesLocally(TestNG.java:1218)
	at org.testng.TestNG.runSuites(TestNG.java:1133)
	at org.testng.TestNG.run(TestNG.java:1104)
	at com.intellij.rt.testng.IDEARemoteTestNG.run(IDEARemoteTestNG.java:66)
	at com.intellij.rt.testng.RemoteTestNGStarter.main(RemoteTestNGStarter.java:110)
]]>
            </full-stacktrace>
          </exception> <!-- java.lang.AssertionError -->
          <reporter-output>
          </reporter-output>
        </test-method> <!-- renameChannel -->
      </class> <!-- com.plivo.test.ApiTest -->
    </test> <!-- renameChannel -->
    <test started-at="2020-05-11T09:34:31Z" name="listAllChannels" finished-at="2020-05-11T09:34:31Z" duration-ms="657">
      <class name="com.plivo.test.ApiTest">
        <test-method is-config="true" signature="befreMethodConfig(java.lang.String)[pri:0, instance:com.plivo.test.ApiTest@207b8649]" started-at="2020-05-11T15:04:31Z" name="befreMethodConfig" finished-at="2020-05-11T15:04:31Z" duration-ms="1" status="PASS">
          <params>
            <param index="0">
              <value>
                <![CDATA[/channels.list]]>
              </value>
            </param>
          </params>
          <reporter-output>
          </reporter-output>
        </test-method> <!-- befreMethodConfig -->
        <test-method signature="listAllChannels()[pri:4, instance:com.plivo.test.ApiTest@207b8649]" started-at="2020-05-11T15:04:31Z" name="listAllChannels" finished-at="2020-05-11T15:04:31Z" duration-ms="654" status="FAIL">
          <exception class="java.lang.AssertionError">
            <message>
              <![CDATA[expected [kjjhfh] but found [fhkflg]]]>
            </message>
            <full-stacktrace>
              <![CDATA[java.lang.AssertionError: expected [kjjhfh] but found [fhkflg]
	at org.testng.Assert.fail(Assert.java:94)
	at org.testng.Assert.failNotEquals(Assert.java:513)
	at org.testng.Assert.assertEqualsImpl(Assert.java:135)
	at org.testng.Assert.assertEquals(Assert.java:116)
	at org.testng.Assert.assertEquals(Assert.java:190)
	at org.testng.Assert.assertEquals(Assert.java:200)
	at com.plivo.test.ApiTest.listAllChannels(ApiTest.java:92)
	at java.base/jdk.internal.reflect.NativeMethodAccessorImpl.invoke0(Native Method)
	at java.base/jdk.internal.reflect.NativeMethodAccessorImpl.invoke(NativeMethodAccessorImpl.java:62)
	at java.base/jdk.internal.reflect.DelegatingMethodAccessorImpl.invoke(DelegatingMethodAccessorImpl.java:43)
	at java.base/java.lang.reflect.Method.invoke(Method.java:566)
	at org.testng.internal.MethodInvocationHelper.invokeMethod(MethodInvocationHelper.java:104)
	at org.testng.internal.Invoker.invokeMethod(Invoker.java:645)
	at org.testng.internal.Invoker.invokeTestMethod(Invoker.java:851)
	at org.testng.internal.Invoker.invokeTestMethods(Invoker.java:1177)
	at org.testng.internal.TestMethodWorker.invokeTestMethods(TestMethodWorker.java:129)
	at org.testng.internal.TestMethodWorker.run(TestMethodWorker.java:112)
	at org.testng.TestRunner.privateRun(TestRunner.java:756)
	at org.testng.TestRunner.run(TestRunner.java:610)
	at org.testng.SuiteRunner.runTest(SuiteRunner.java:387)
	at org.testng.SuiteRunner.runSequentially(SuiteRunner.java:382)
	at org.testng.SuiteRunner.privateRun(SuiteRunner.java:340)
	at org.testng.SuiteRunner.run(SuiteRunner.java:289)
	at org.testng.SuiteRunnerWorker.runSuite(SuiteRunnerWorker.java:52)
	at org.testng.SuiteRunnerWorker.run(SuiteRunnerWorker.java:86)
	at org.testng.TestNG.runSuitesSequentially(TestNG.java:1293)
	at org.testng.TestNG.runSuitesLocally(TestNG.java:1218)
	at org.testng.TestNG.runSuites(TestNG.java:1133)
	at org.testng.TestNG.run(TestNG.java:1104)
	at com.intellij.rt.testng.IDEARemoteTestNG.run(IDEARemoteTestNG.java:66)
	at com.intellij.rt.testng.RemoteTestNGStarter.main(RemoteTestNGStarter.java:110)
]]>
            </full-stacktrace>
          </exception> <!-- java.lang.AssertionError -->
          <reporter-output>
          </reporter-output>
        </test-method> <!-- listAllChannels -->
      </class> <!-- com.plivo.test.ApiTest -->
    </test> <!-- listAllChannels -->
    <test started-at="2020-05-11T09:34:31Z" name="archiveChannel" finished-at="2020-05-11T09:34:32Z" duration-ms="660">
      <class name="com.plivo.test.ApiTest">
        <test-method is-config="true" signature="befreMethodConfig(java.lang.String)[pri:0, instance:com.plivo.test.ApiTest@7c209437]" started-at="2020-05-11T15:04:31Z" name="befreMethodConfig" finished-at="2020-05-11T15:04:31Z" duration-ms="0" status="PASS">
          <params>
            <param index="0">
              <value>
                <![CDATA[/channels.archive]]>
              </value>
            </param>
          </params>
          <reporter-output>
          </reporter-output>
        </test-method> <!-- befreMethodConfig -->
        <test-method signature="archiveChannel()[pri:5, instance:com.plivo.test.ApiTest@7c209437]" started-at="2020-05-11T15:04:31Z" name="archiveChannel" finished-at="2020-05-11T15:04:32Z" duration-ms="659" status="PASS">
          <reporter-output>
          </reporter-output>
        </test-method> <!-- archiveChannel -->
      </class> <!-- com.plivo.test.ApiTest -->
    </test> <!-- archiveChannel -->
    <test started-at="2020-05-11T09:34:32Z" name="validateChannelArchive" finished-at="2020-05-11T09:34:33Z" duration-ms="692">
      <class name="com.plivo.test.ApiTest">
        <test-method is-config="true" signature="configuration(java.lang.String, java.lang.String)[pri:0, instance:com.plivo.test.ApiTest@25e2a451]" started-at="2020-05-11T15:04:27Z" name="configuration" finished-at="2020-05-11T15:04:27Z" duration-ms="30" status="PASS">
          <params>
            <param index="0">
              <value>
                <![CDATA[https://slack.com/api]]>
              </value>
            </param>
            <param index="1">
              <value>
                <![CDATA[xoxp-1101494880035-1094553166998-1107491671364-58270a0a37bbde75818c18be92761707]]>
              </value>
            </param>
          </params>
          <reporter-output>
          </reporter-output>
        </test-method> <!-- configuration -->
        <test-method is-config="true" signature="befreMethodConfig(java.lang.String)[pri:0, instance:com.plivo.test.ApiTest@25e2a451]" started-at="2020-05-11T15:04:32Z" name="befreMethodConfig" finished-at="2020-05-11T15:04:32Z" duration-ms="1" status="PASS">
          <params>
            <param index="0">
              <value>
                <![CDATA[/channels.info]]>
              </value>
            </param>
          </params>
          <reporter-output>
          </reporter-output>
        </test-method> <!-- befreMethodConfig -->
        <test-method signature="validateChannelArchive()[pri:6, instance:com.plivo.test.ApiTest@25e2a451]" started-at="2020-05-11T15:04:32Z" name="validateChannelArchive" finished-at="2020-05-11T15:04:33Z" duration-ms="689" status="PASS">
          <reporter-output>
          </reporter-output>
        </test-method> <!-- validateChannelArchive -->
      </class> <!-- com.plivo.test.ApiTest -->
    </test> <!-- validateChannelArchive -->
  </suite> <!-- API Slack -->
</testng-results>
